Arguments: 
  /Users/jorik/.nvm/versions/node/v17.4.0/bin/node /usr/local/Cellar/yarn/1.22.17_2/libexec/bin/yarn.js init

PATH: 
  /usr/local/opt/python@3.7/bin:/Users/jorik/.nvm/versions/node/v17.4.0/bin:/Users/jorik/.nvm/versions/node/v17.4.0/bin:/Users/jorik/.opam/default/bin:/usr/local/sbin:/Users/jorik/go/bin:/usr/local/opt/inetutils/libexec/gnubin:/Users/jorik/.yarn/bin:/Users/jorik/.config/yarn/global/node_modules/.bin:/Users/jorik/.nvm/versions/node/v17.4.0/bin:/Users/jorik/.nvm/versions/node/v17.4.0/bin:/Users/jorik/.opam/default/bin:/usr/local/sbin:/Users/jorik/go/bin:/usr/local/opt/inetutils/libexec/gnubin:/Users/jorik/.yarn/bin:/Users/jorik/.config/yarn/global/node_modules/.bin:/usr/local/bin:/usr/bin:/bin:/usr/sbin:/sbin:/Users/jorik/.nvm/versions/node/v17.4.0/bin:/Users/jorik/.opam/default/bin:/usr/local/sbin:/Users/jorik/go/bin:/usr/local/opt/inetutils/libexec/gnubin:/Users/jorik/.yarn/bin:/Users/jorik/.config/yarn/global/node_modules/.bin:/Users/jorik/.dat/releases/dat-13.13.1-macos-x64:/Users/jorik/.pub-cache/bin:/Users/jorik/.fzf/bin:/Users/jorik/.dat/releases/dat-13.13.1-macos-x64:/Users/jorik/.pub-cache/bin:/Users/jorik/.dat/releases/dat-13.13.1-macos-x64:/Users/jorik/.pub-cache/bin

Yarn version: 
  1.22.17

Node version: 
  17.4.0

Platform: 
  darwin x64

Trace: 
  Error: canceled
      at Interface.<anonymous> (/usr/local/Cellar/yarn/1.22.17_2/libexec/lib/cli.js:137143:13)
      at Interface.emit (node:events:520:28)
      at Interface.[_ttyWrite] [as _ttyWrite] (node:internal/readline/interface:973:18)
      at ReadStream.onkeypress (node:internal/readline/interface:240:20)
      at ReadStream.emit (node:events:520:28)
      at emitKeys (node:internal/readline/utils:358:14)
      at emitKeys.next (<anonymous>)
      at ReadStream.onData (node:internal/readline/emitKeypressEvents:64:36)
      at ReadStream.emit (node:events:520:28)
      at addChunk (node:internal/streams/readable:324:12)

npm manifest: 
  No manifest

yarn manifest: 
  No manifest

Lockfile: 
  No lockfile
